<?xml version="1.0" encoding="UTF-8"?>
<!-- Generated by org.testng.reporters.JUnitXMLReporter -->
<testsuite ignored="0" hostname="DESKTOP-U1V1D1B" failures="1" tests="3" name="Test" time="0.123" errors="0" timestamp="2024-05-23T21:55:28 IST">
  <testcase classname="testListener.MyTest" name="test1" time="0.026"/>
  <testcase classname="testListener.MyTest" name="test2" time="0.008">
    <failure type="java.lang.AssertionError" message="expected [B] but found [A]">
      <![CDATA[java.lang.AssertionError: expected [B] but found [A]
at testListener.MyTest.test2(MyTest.java:17)
at java.base/java.util.ArrayList.forEach(ArrayList.java:1597)
... Removed 31 stack frames]]>
    </failure>
  </testcase> <!-- test2 -->
  <testcase classname="testListener.MyTest" name="test3" time="0.0">
    <skipped/>
  </testcase> <!-- test3 -->
</testsuite> <!-- Test -->
