<?xml version="1.0" encoding="UTF-8"?>
<!-- Generated by org.testng.reporters.JUnitXMLReporter -->
<testsuite ignored="0" hostname="DESKTOP-U1V1D1B" failures="0" tests="6" name="myfile" time="37.656" errors="0" timestamp="2024-05-22T19:21:45 IST">
  <testcase classname="TestNG.SecondTest" name="openApp" time="30.251"/>
  <testcase classname="TestNG.SecondTest" name="loginApp" time="6.725"/>
  <testcase classname="TestNG.SecondTest" name="closeApp" time="0.522"/>
  <testcase classname="TestNG.FirstTestNGtest" name="loginApp" time="0.003"/>
  <testcase classname="TestNG.FirstTestNGtest" name="logoutApp" time="0.003"/>
  <testcase classname="TestNG.FirstTestNGtest" name="openApp" time="0.003"/>
</testsuite> <!-- myfile -->
