<?xml version="1.0" encoding="UTF-8"?>
<!-- Generated by org.testng.reporters.JUnitXMLReporter -->
<testsuite ignored="4" hostname="DESKTOP-U1V1D1B" failures="0" tests="1" name="my test" time="0.086" errors="0" timestamp="2024-05-23T10:46:49 IST">
  <testcase classname="TestNG.Grouping" name="advancedsearch" time="0.018"/>
  <testcase classname="TestNG.Grouping" name="closeApp" time="0.0">
    <ignored/>
  </testcase> <!-- closeApp -->
  <testcase classname="TestNG.Grouping" name="login" time="0.0">
    <ignored/>
  </testcase> <!-- login -->
  <testcase classname="TestNG.Grouping" name="search" time="0.0">
    <ignored/>
  </testcase> <!-- search -->
  <testcase classname="TestNG.Grouping" name="logout" time="0.0">
    <ignored/>
  </testcase> <!-- logout -->
</testsuite> <!-- my test -->
