<?xml version="1.0" encoding="UTF-8"?>
<testng-results ignored="0" total="2" passed="2" failed="0" skipped="0">
  <reporter-output>
  </reporter-output>
  <suite started-at="2024-05-24T11:29:37 IST" name="Default suite" finished-at="2024-05-24T11:29:55 IST" duration-ms="17988">
    <groups>
    </groups>
    <test started-at="2024-05-24T11:29:37 IST" name="Default test" finished-at="2024-05-24T11:29:55 IST" duration-ms="17988">
      <class name="PageObjcetModel.LoginTest">
        <test-method is-config="true" signature="setup()[pri:0, instance:PageObjcetModel.LoginTest@59662a0b]" started-at="2024-05-24T11:29:37 IST" name="setup" finished-at="2024-05-24T11:29:50 IST" duration-ms="12677" status="PASS">
          <reporter-output>
          </reporter-output>
        </test-method> <!-- setup -->
        <test-method signature="testLogo()[pri:1, instance:PageObjcetModel.LoginTest@59662a0b]" started-at="2024-05-24T11:29:50 IST" name="testLogo" finished-at="2024-05-24T11:29:52 IST" duration-ms="1290" status="PASS">
          <reporter-output>
          </reporter-output>
        </test-method> <!-- testLogo -->
        <test-method signature="testLogin()[pri:2, instance:PageObjcetModel.LoginTest@59662a0b]" started-at="2024-05-24T11:29:52 IST" name="testLogin" finished-at="2024-05-24T11:29:55 IST" duration-ms="3230" status="PASS">
          <reporter-output>
          </reporter-output>
        </test-method> <!-- testLogin -->
        <test-method is-config="true" signature="tearDown()[pri:0, instance:PageObjcetModel.LoginTest@59662a0b]" started-at="2024-05-24T11:29:55 IST" name="tearDown" finished-at="2024-05-24T11:29:55 IST" duration-ms="588" status="PASS">
          <reporter-output>
          </reporter-output>
        </test-method> <!-- tearDown -->
      </class> <!-- PageObjcetModel.LoginTest -->
    </test> <!-- Default test -->
  </suite> <!-- Default suite -->
</testng-results>
